[PRIMO - Primality Certificate]
Version=4.3.3 - LX64
WebSite=https://www.ellipsa.eu/
Format=4
ID=B497403E47038
Created=Mar-25-2026 06:08:22 PM
TestCount=72
Status=Candidate certified prime

[Comments]
Put here any comment...

[Running Times (Wall-Clock)]
1stPhase=52.79s
2ndPhase=7.71s
Total=61s

[Running Times (Processes)]
1stPhase=52.79s
2ndPhase=7.71s
Total=61s

[Candidate]
File=/mnt/d/c_prog/Primo/mwc.in
Expression=$04ef2ab6150c177ae * (2**64 - 1)**32 - 1
N=$4EF2AB6150C177A421AA93D5E7D10AD8F62C0C8C76D7DB26624782835B916011B7798DC7A8224EF99624193B85A53AE4DC5D8E74269BD0B2845B5C99B9B3EC9E22627E9F9BC46C0CF9A403ABB5C3CFE7C1D3912844B24DD07C58DDAF76039B0B26647C0CF25A7368B13E0613764C7509EAE2AE9C73196AA0E6232E777473761B0B7A9EA1159C7BD4E6232E7772116589EAE2AE9C771CE4D8B13E061371C88B8B26647C0CF65DEDA07C58DDAF730CAC67C1D39128468D7624F9A403ABB4C5BC1E22627E9F9C38925A845B5C99B986B164DC5D8E7426AAB4C99624193B85A12291B7798DC7A8233B96624782835B913558F62C0C8C76D7E11621AA93D5E7D10A404EF2AB6150C177AD
HexadecimalSize=528
DecimalSize=636
BinarySize=2111

[1]
S=$1AEC
B=$2

[2]
S=$35FD0CF54
W=$325C340660A25D8DEB3D366A73B7E8D1D9E116E8C2BEAA6C92B380DB4BE6FBD1E30B2A282518032EC6E088D096C6A5CF3DFFC2A7E21C80E9353B5A8E88CEC884EC53B8C9FAEBF02AE9AB1B53DBCC71821A4D24803E47B7B4FCC1DA8EB7DEF47BDB97D74117644BE53D8FC7F572589EC7ED73ECE1FFBC1D81846AAAEC4D701875DE4652E
J=$8088D2489CC9A4F359A962FE82307336BA979C6152B976A9302FB2C689655D7C51A8714A5922AEDE257551FFD76B01E666BFD638E20BE0384CB9621009C4E58E1CB92D041CF8B04CDC75D8AB5C231DAE7800ED2939E8C2ABBED204EC561E2DEAF29F488D5705C2AA9E07B54EE074E3BE524271B7B8E5ACFD7DC9F3E90D0B61F0C2DBE0A4C9BABA7904C6DB0AF545994A5E19F27EEDBD91E329BA6A06FB58BF3E6474DE2922457BD005B5029CA2C7FDB354A9A8D68A7F9A36BF7F7F19EC989251ABC953E93A8B5D82AAE2E1687DA3280AC12E0A026FED8DC8EED91D6F634662FD827BB5D25C2CA47C83FACCB61350F8F8C2F2CE9F28054F5F902CA5754FB92BEAC6DB30ABF114
T=0

[3]
S=$133AD0
W=-$1D53FCA161256EA371301DB347D3B21DC83C44CCAC98F33DD4A2C37F5CD48C8BF3FD4FAE4C016A6FEFA89A26A8492D8055E5FDE5A18CA0387EDBB7138509119D194CB196311FED0D34FB594547A41368DFD19D0778118D6EB2DC5505DE4C6405376A423230E6A05DAFB45A044738D8EBB052B804694B953F1AFEEF44A83C17A70FA
J=-$6BE1AC6A9ACCEC76D41350BB28A056638B1E578C8F2A539984AE71C4AEA955E9784353C230C521EAC84AE77E46DBD0269B9AAF407E78A44CD8612B5925AE2A374798F927A763650B99952CC2A01B6434DFA48E21CEC2E784FA88AC227F3CF946A89570957FA6D0030423121777678D1829381DA8FC84329AFFDBEA0129BA9A26F3BD37EB2A73E25BFC0B0E01A2B632A2B5047FC95F82137CB638CE40405E4E4C47D42154FB67C80DE1E6B3AE6476E5EDBD423DA2FDA5356497B333913E49E237869FE0CD21AFBD2044911C5A7922F756486733087CEFDC59CBB63FD41FA9820F4AE405C8FAF44798E25C77347274BE482B0ED69AA9AD1960CCABB9396390CE65C947
T=0

[4]
S=$53B6D1D5
W=-$4B041E2B062857DBE63BC4933C02F0ACE22AA09BB4D2025665FFAAF695079CFFE8EF3133D2D3EB49B2EA8BDC38CE8699C4BFFB8E69E2AF5EC697292AD0BB5B246FC2CE57586A8022F4D3B0A31F075401AC6C18D7C21F9750C6AEE2E1CBEFC3AD9B5BD08C13ADB19E92AEBD0A47D7D31ACBF12D43342BC401C052B2C79BABB4BF
J=-$3D37BF33C7AEF605F0FE9B7C8E0917DAD4E4A03F7C5EF109AA85331B39762513F2AA27A029E199A740E5DD5589FC464CE6153698D09FC8BCF32A1A2454C33E6A4753A3DFC6C22287CF68874F3D424E53CE473EB3E1F6A6E1208DBE78B2482E4A6A3B4A4EE74BE1222DB8555F49C0E84B4D3E51FFB1EA79EE5AB7B659209CBDD94B3435157A055217CBDE2A18DAF646626726B285ABE87519828D71836EB756E65CAD4BC06CCE6B207D6A7EE8B8D33B63185586903392E403CB2C342CF9C55B978D650FDFAFB1867D72920548E871B234F83E7AC5A2C098561D1887B105E917E839CF0F75E632560356E2368A7BE16D1BF800E1E79165FA8158F728FCC60285B
T=$2

[5]
S=$324CB0
W=-$AF3E112CB554CBCAC9CC4FB83AE3F8818CD449A788FDED39304C9774CE39211E0B692B77FF4ED3B97BB498E06D0E470D826A0A8722EF81FBEFBB980F36FAFD4472487AFF4E443C523A9C26CAD89333E1DDBF06EA1F21B5B0FC7C66C3E9A8A18747BB7F6B72EB7CBFAFEE9889750E3C32292585779CAE73144A8D16B8E098
J=-$D6D8EAC88C17338E211A408AE6F3B4BB3E43737930AE506D0CB1E3538628EBBA06BFF5B8D4360354A07A312BC1D72DEC8568D24BB582F419D10F10FABD2DB0C70A788E1D4ED30E9C86EF05EE39BD49017B8D26DF4AD76A849A346B77E7B37AC82AEF86D8034284C8DCD3CBD6CFDAC3C2AF66CE93B6CB8F88DC4D940AF6EBF83FFA3B3D637CA23ABEF016A05F64E16EF687FD29860C8413DBB9538D713C3E40AC7738A418F89B7FA4756D4959164EDE2D386E288FACDAA813FC1E988717F825D356D2C160E263FE7E2E0CC893FE4F114D9334AEBFD5FB2C1CE56F667178402A004B728E1F1DD6E75E4F78CC64F664545B0DBE649C3E67AA1B0DD7762
T=0

[6]
S=$8941430C0A
W=$1AD54A06BC6CFB35D2D5FEC106BA567CC6F0B5ED2553242847860D69A454204D1C5759F83595DB811141EC62570B12EAFC8E7A89C8A5F5006E3E45075075C4B3FDB35855F4C030C6403B244E35ED39E74B53C535849F1190659DCD7539756B44B8109E8E51864D844955C4011DD40522A855B3E2B155C5A3F9A6F3A038
J=$482F7393EF8B36DBB7D9596E4DDF1774D98BB41310B1DB7F1DE20127489D36778F0CA658CBC9D93AF5E850A6BB366900712B0C86D6BF9828A07534E6E550A745ACA5C9BE1E6B61448D2FDF5E5B33EFD2232AD2D9E078BC1DE291134E82230D68D4D613593F5225F72BD148D3CE632452CAC76195446C522E0331DEB8CE44E0665AE15C2C0E6BC94FE9E22C5E2445CEC101EBAD43C649249DB6029B91064590EDD02AC7366C6D4F6972E6D80C23321D6C1E58C135A7CE950EE33806C21D3A8E071EA7968A4DAC991E06FD1FFBCCEE40F41ABB1B18D357C9D0510B48175A9FEAEB212DF3E548661D42BB1DF12D11F971D5A715FDA6714B9DB840
T=0

[7]
S=$2F25138083
W=-$1DC31E634722AADD8520FBD34810D654E754752B700937E1B91F4AB38DA4FA760EDEAD43D8F5C6DA7B016F27FDE025EB9EF1D9E58C738AE543EE4470565B91F836871F3125DCAD76B066F7C35921977D4868EBC3C22AF1AF48EB54B9494B424CA298F5FFC3CAD97D8D9EB50EC1649CF8BA19157275C6E8FACAF8F
J=$C10E694423EEF323FC992540CB515424FA490F562DC25FDAAB20E5FE50EA053B994F133FB3F3E4174AA3D64903DF48AC7E995BE315EC84D5B2A43664D253F8A1A40BB38CEE7B06ADB8DA3170643B79F67D79166861EB11C9CD93CC5D084CFD0D9030AC82C3C356E297B671DE6B1E21E27722315019DDDB2F17FBF4480ECD94FDAC431850768CB1E0A9F7C28A5D7BCEA7DFB2231148E6ABFC8DCB7500E5821D12A0B6A5E905E996D2B521095C65E6BD539909971B835F0DD2D8C692F6E96D6043EBE24A7034684FC976789E2DAF9AFEB199F14AF9E319CCD07126F34F3767B14095F0111CA641C8798006580F800611D8C9E403E
T=$1

[8]
S=$61F5E18213
W=-$23057085C4D8891D71F2F855630EDCFA5DDC9BFB10947BF2C200AB6E781177C868849A8B40CAC4503718EE7201DB9B3E24DACFB693117CD29BAF83D274B45735010083AFD6988071867F976A1A898A2480FD44206EAFD3CD0DE54C6C9F4DD435B9C1C82DCA96FA759C2A7556D07F6D802F4409B10F8109D9
J=$28AE8D283A4BE28D3FE493D05D500B6332DD9467F4320416FED89813167EB2D503A557669363620826E70F0C6B4C3F4046B2D35544C3E8421D436AFEF08D789A2251DBE2DBF039333B3714F610A1A92E7EE6A0EED46DD179CC2537EF79C4EA1A57EF53B7696C43EE761A3135C589103E643A66885AB850C925F73189795ADA9E640FA8571342207B2883652360F3862F9632DB4127F717C1BD7F9D4CDCB7167051B59D9367AB51D76AAD18B254961C4154FF6F66EA34534714F8D9AAEEE02850D0FED6FFA0ACE88D09575105C1E3A6EB426211F59E50D1C1B599A64A7FDB4F00E70A682F52AB5B2E8724D8A4FA2B7F1
T=0

[9]
S=$1B44B234
W=-$5CD463425C3E98E555E859FCFB1B56206A2EA1395098F2F9B1172CE8C63B4938320BDEBEF0883AA06EE89FAD7C3622953D2B5784B502846960A08996B8AE18F8F4E46B5DC6F69D9150443658E83969DCC957CA103C22F120971B93ECA9C44A0737424E78AAFFAE1C3E386821D1880208309C7B52068
J=$7822A475401F6FD71BDA636D4CE79F1DF366AB34DD2242B2E6BC90139459E67176B249F47D2B842FB1FEF924FAA77DCA1FDB577322E5AEDBA9D75E0C8B69479C5163FDE492B9C45C1D3D6B95A6BBD54FAC427621B1EEF79F920AABB177D8D3852CBE4A339AD91D6572C393C396793A82F3482F8474D0D78BE91799B8017BCC380ED8C3D4BDCF973E53DECF3D77E95697A6365AE8F14676CF985FF4201FFFAE4CE8E7F414766E8841755D73509AAE3AF463770BD8E0A0F81285236398BE3F8BEB64585C0EE13DAE7EC71999C4871972A6ECA27E3120B9C552C7D19C7724307FA7E53A47D2BDEC59043C8F9
T=$2

[10]
S=$85F7E6
W=-$AD946FCFDF2764A69AA945C355AE13AF9377B9A6F9380E0D2FF9AF15121E38C2EC45EC7ADEDF9D9CB4EE1E757EADF5FA42F5A58A2349AFAF841AB5DA7A53BF38383286F89DA8F85D0B492F9CA586C42591ECAF6D3B625D8CC7227B0A96AB21DC1A3F637BD045B203A6311878029A073520B96F6
J=$1360E49FE01813D1082BCED3616E29377AF08A4F0A849D4459674AF66F080690A2C3DB10F1DD4EB0AE979D446BF159BD3BFA7A89CE73472A4B8D37B0D38CA6A1FC6FDFAA8CE602D92D3CE9E1AEDC9A41612B9786EFBDCE4AC09CE223C4348D6187568716A3C2581D597A252777AD4A844155BBE0AB2D79DEF133B256D30770D6DC0763D5B6ED5946DDC3AA074ECD1D16F3CE53C75031577606488BDBC3BB0EFB12BFDC99E01B92E1EBCF2F0F0A25904003E8139C36F2B539474F21B8B428AB89F927E05D057DABBBA28D59CCA707D8F4428527F7F9725D45371E78288B86815572F36E47C6DF9B
T=0

[11]
S=$31E7E54
W=$337791964C13301382C89627BCB602D2A2947A5DD47FE7F3919F90CF4A6BD189CBFCE3347F62C343CB943544D773506B6007244BA87960D6B1E3DC06CADFEF71C1008D474F072283F8D3DDC8D2D3CDFE38F43CFF2DD66547768DA7627B735AC05607F2552689783C6001B4F5127D5B466BDA
J=-$772332988FBA537AFEEB3D737B843B49B4ECB3218DC630EDF6670DF2C9FD64E35EBDCA0A96DE1595F2C07BA5A5DD55B78ED11E10D910E53F410E10C7422D4A074A9BE0F6542B9C76E04F3A55C97135A70E812628B05C922F537CB668D9BD9268E08F4DF95A51C7CF51639818A4B14A36320B45A31581DAD17EAEF75CC8F4BDC2E673F54878E3892D17455854450886629960D733076D06B8174124BB6097CD4E4D99BAF7E1A965AE2A599FD21B584409C5BEEA62F6CADDE8080925EA926E4D666E911FFC2AD1D1AA529F1044386CE31EBB561531244BD3B709B13126AF3DEDC924A51AC7
T=$1

[12]
S=$162F0C
W=$13A4BAEB0AD161DEAD0E9273099E858DF9E8F2635919BA0AF46117F02C2A44CF1280B054413000DB9888C6C37544DAD32FC9FF47CF1AC91A45640E3E48A9606F7EA2BF93023551D3210F61A3FBE58FFE0D83722DF9DB7853D4DED04A3EB701FA705FA59C9BCEFFBE74DB00FB6552B5F016
J=$DBFB9557E1E96C16491BBBA36E2F345DB6E0C5708FCF7EA4117D42DCF270D35F808FF9F545CB0C61CC2C5DBAF264743575846D4812244A5274B5E4877E19F118752C84F60E843FBE8B3AA72EC42DC765B29490926D02A51096BEBE0186CA96D1FDB8D59643CAAC24215C5A91872986491564E5F4206A4E94A7D7BEFC08A800146DCB9993DECCBDE521E5B6D6A5C91F0E0F68F4A1988B54640114CE5CCB3E1F9C488DB03DBA3FB87EEE4D9A6793405B375CF5733D2ACBB0759ECBE93EF8C8493B24C8FCEB2FDA71D5703052D7BBF38B686785802604465F8471234235E65EA09B4
T=0

[13]
S=$19ADB8C
W=-$38C416A20074447300DA26E1E172DB00BD445CF48464106F2201923E3DB46E92E815BD9D5163ECF03A9A75D17745444FC35A1A7F44C2D15D9B8E9A612D552136F0EB18A6BF8CD10D271C12E983CA97A6096362697A64F74559A0408BA526EF9F8E752696B75843F386BDC0ED455D4CA
J=$DF4FA22AE996D65ECB3352AF7BA5F784971F3827E913AF1E16F17018F1041E3A5F7989A34650D116A0DEB8458C7795B10D6A6E2A67BBDE0EDD4B26C1F966B816924077E36AECCC21BCBFFA28A9CDD20676B98FE3EED19CCB7EF1710C266A92B525593E4759537E5D1DD083EE0B6F09293ADD26C53FC0E62AD1836C25D9F40A737711456EE53E57329B4AB6532ED34E377B330416BB25B889CCFA1BFCEFEED9126FA121EF9EF10E11E2683EA4DF0CB39E075A829A967905F04506EE13A0C78E5B1FCB3AC567B7A01954031A965D164A7DFAB8515179C6646607CE2AD452F4
T=0

[14]
S=$45837A03DD
W=$34EB31E026D20757F577C283E909271DEAB42E3F72138153FD9C6AB4429380A67565E83A13C1ED0B132F6DED5A8E070C6B318368464E6EB6CCFC15AE6075CA689B5A993C32EC844206FFC2CA821C8B8401E52B0CF43494C2F67879457056E62418F3F49F244CAECFABD472CCDD83
J=$E52813C333296884D8B44CCB61C1E6D6ECFBDA725E3C7FE6103F0FEBA2289DB10E8DDB97363203A15DBDA345DECA5466EBE7033C5BC17550209FDDB8D1B2DDBD41E1BD0FCCFE067F37F5F265F22E6704EA3372FA02B3D36612D784238FBC465A79C1F38866348272D609F7E79BEC3B8D770C19A52240388EC9AEFF704ECF525D7B0795A12EE6ABEDC0104A570FB42AC0BFF7FE8976C20F631040B653A0EF3667227A19F4523015298217B6804666DF8E6375EC1D0364ABA3D8B7F2844CFC5D9A9FF46D939C24CC3F4472255C7A70E09AEC3C9DC87746A985C87BBB
T=0

[15]
S=$D8A33FB08
W=$4D357D61305D1F94DA75386F7AE62430F0E7148735C3F47159CDD6ABAEB301855E94B483D810A506862D443F262EBD6A51FC6B9CF97DA75FF92CB9BB02ED78FC4C4D111BDF4753BDC481A16C73CAE471E93ECE7D2ECC3FB273F5F522B99C739CC70D02817ECAA6F5F805544
A=-$23
B=$62
T=0

[16]
S=$116A42685077C3
W=$F75BBC7BDD0677E82E1049AF6C8786EEAD4DC28CF34770FB808304A94BB61A39CAE2EAC8E8127AF977FDC9427283FC5AE59133018BD099E87DAC597912EF484A2706228E55A03D75CCE23F54F9814DC0E8DE0FD4FF72A3F545912353DC7A35B5CE96289D0E85444B69
J=$1359C9E73167E6A05A73EE6B1597A6758DAD92A527776D1D84645CF1D92475D22603B4D05B7B72A20BD1292AA3F3FE135AEB5865A772CD666D43E0B1234B9BEBFD246546D16CA57F913FEB2EE67849F04DFA149A56647AF88974A07DF1254B2CB4C783D0055408F131BDE7A2BC98DA679FB76B74E4DD995550B61C37C1653F2ADC7EC6BD7D6DFEAC496EC567067855F3D298D0F14D6C950804188F7BADD9839BE90CDA1193A0399ED1A45FE19D8B470D37DBD7867EFFBE4B4EEFACDE150DC47C211A6865E40D7A3B5E0DA09CB6111AB964FF
T=0

[17]
S=$387194B
W=$F87DB3521AE25F08D36EAD7E28A4580E6B2C29C5327B95AC0AA7BD4DE13CE8EC085EB4EDF41AC0A177C6A1D1A4432190A2628D387F6FE695B56BC430F0EF9AB292C27252D0B854DD2DE90BD31967BAE623A7B0B1257DA4CE73F86E829585CC09E99009A9E13
J=$21B25F84BCFC6B14CB3C16AE7CED9B961F8268BB406F03626A17C6E4CEFDAE9451D9E824DFD4B5E99DEE4C3786D59DDA771F5DD1C1DC7A40FB3D5BE5AEF5C6FA22C4A4B341EFB51F0D2660CEBF998F5A0D37F1DCC07B4DBDDB82C702827CD3340027D6EC42C96D24640E3AAFA78377BCC4767B285EEA5F67CAE0030078155762E9B018500D4F5441782C1CAD41EB43AFE4B27798D4849A585BE5C356D30B90EA5E3337B4C19D3ED0B4A7A7AB5DF81931545ED8448A14CEC19AF3435C1846F04D00DB9F13F15E656A2F320F1
T=$3

[18]
S=$27A3A4EFB70
W=$3B0EE0DDAEA25F0254BDD5B11BBACC72CC7425914A195EC94944499B1EBCAC07AAD44E9F712AD96C4488A61FD8C1B8655F879C5F02E41C830D61AB47174F7CD024A1F0C95B7712AEC73C3E13B49A69DF44354F29B1A7C81B2C8C4C628AECC73AB3357FA06
J=-$111DBB7732AACA89A5C8DD1D644490D5D31E9685D38A2649EDDF34BBED909E1A865DCCBFC733EF73EC37CCA62A42F2FF7543B75E9C49222D5B23BDE6E8E3DE8B87032730DEA77E8F3FFA2BCA7A5345CB019006649AC4E2FF9BE36D047E4304DC8139FCECBB20CD0C479A7A839C6C06BEABF12999A4C9196E531EC428011D145CAB66C66EA0A2FFF74530C6CF7A8246772C6031F733677FC6D5AAE1D8E14B68B5F31AB86BA03F7590338EA2F247B9F44EA3340399822D1B94DB4B7E9A43EA43B9F0FABA42E2020354C
T=$1

[19]
S=$CD3B3612C
W=-$A9094A2824ABD789288BEFB91E0AD825A05288E30315F9D79CCABCA4CA6B0AEDED76EB84135E78027E819741CFC844EEE8CBC9BBF5D5DCDE53A09AFAC551521CEBE8342F7685DB78F82A770A591E2FE67934C1B4C977BE721711ECB5D05296D2BE4
J=$77637497D4821E1B53A0ADB85D7C16BC65587C9AA1A7B8119BD642B8D981D4BED289F62109DB4281DBB42052A59A2866690AE47245EFB8A879C403760B9DDBC3445430E97966212452D0B334A626D4BC19C024E9041E996935F221C28F90DC549E33D25B754C6AF8016EC67002385138C38AB3405124E7EE628D33251DDBF89B3DEB9AF8622BA95E2E2098F96D65E234D523ACEC537B3CA4CF7311220513EB57832969AE75CBF5E9B41DC291D112A99EF671702C8FF8F043516947E1FCCBE66CAE3E44
T=$2

[20]
S=$2B0CDE4479E
W=$300EAD2F5488A9D3DD67C7A9D83EA0882A501D6EAF0CBF15B9A5486B8CD40AF1717D12A2489DDD63D5326149DB907031BB91B27E736D06DB96AF06D46F22BD2EE2253FEA6D77AD6C1316E7D7F6398E243CCC4427F909BF4DD3616EE8180F162
J=-$D0E9EF78EB2422F73E1BEF4F814DF0A947291F315007C7A429352AEA7D5C9E439300A0656E99A7FA2DD6EBD79D9B5628B46079A27B531A569B13A9A2425F9C52D3AA9800E00FB941030151973D2D2AF834E0A79C6ECFA6AD1C997090F80FF54728401C6DCF8DF256CDBDEE8C80CA3CFC2BC79BD2EF4813AEF20BEAF0D8680BB0E9A12FADA30A7448040859F9514DC54E557EC67B887F2B4CC3E234BCE43A2796C591C44D62F8953188F7AF099F215129DC005EDA15565A680E4E40E4C27B9
T=0

[21]
S=$4DEDBAA3EF1
W=$14250D1FF700E8B7FDB3BD40819E69737CDC8069FC65B00AFF527B7ADBA7C68685A132C3B5004F9CAA8154DBEF5CC6F680C32A916C1ACED5B529F549E33C3A26A57A1910A17D880EE32716ADEBACEACF8237081E9E678D98B19BFEE5F3
J=-$2BCA2564533D7FDD86A528C248921F5F7268A19D79B62511AFB07B8627B30A49E7BCDFC384579F71C4D6B0005994CF8AB93A79B6EB9973929957192BFEC72EA5DEF9430D1C51267FA085871A961350497FCCBE6A30486692B83B222E21BDAE8AA27BD7D8047D198097AD2AE8FD7826FBBEB6FA648E2E43FC9F68AE88C0DC343C1D640AA692B01B6095CF1BBD2DD12D016816FA5D3B76F975ED0BDB9B75AE2070B4864034ADB8F21947345219CE2F6074B64B35D22D12DE454EE
T=$1

[22]
S=$98C5A7
W=-$180C39B6E40766AFA90BC131BD4B070AF96E0BC282DF19CA332E68BC7C06FCC246FBA3690C857E4E06B6FB961B8C62F7B97FF8651E5004AD872159324D219785EB8A5D98CF151DC783C7D9421BBD4FAB0A8E0EE20DA6B35B74929
J=-$C563047443B29F1ADBF7FEC5642484DD666DAE4A7E90324ACDABFD3558B9143F45AA0282B26EE415EA286B82DBAB657E469A52556097824F9D7790FC1C06A0DB1B62DDC4F14131C4FB6662C34B8B4A819F1962C39D7D4BFE606568EB17DAC9285CD13722ACAF71DCFA074F8A971C48F2B12A1138E897268CC8926B3ACC68332E921525E8830F74E5D7B9AA6310893778EEB7BFC91529DF6A45261362EA4BE28C3948814B67753CCAE35A3AAA075D7A71ADF26F76
T=0

[23]
S=$4E09BCB5A9
W=-$3B8BD2EC2A287C5B2E430CD3948F23B335FE27CCE3C16C19B5348BE2071444B8F6A249109D5CF2E2966C519009D64C7F696940C581A8A11808AFD9A9F8E835616ABEDF9A92F3AA0F756C1F3FC35829492FB82CA33D8566A783
J=-$1311321DB67D52B07BC69505C8D24C4FCFF516D01746349A34496CFE774EBF4AA8B9EF902421F02B3CD7D65DB19F93E86CA2220EFBED8FF484534CB72FA30AE220E655E5E82CE7E0DB0CD34EBB8B1772C40E8F43E562B0A517A21F022C2DED1AF81ED11E60CA1B558AF9199B427D596A7888627031C712BF9B6A0C7396046A2DF4ADFAB63128288A1F9B80A00003AB130D6F2F0C6E09A7C2757EB6BB03D00CE77842CCF7936717381C5DA99A42B159EF8EF
T=$2

[24]
S=$4FD6DBC
W=$55A9B28F556681C7EC0C3AAEEAF017505A99948EE033759BB8E44E89CC97C3C4091DD4C071A12A8353E9839DB30750DED4127737410776FC0D12EACC28EC728095CB492298174F4B51B047B6102E414E8588300E4B550
J=-$230962B5D7F76AF4C19ED290C21936C8C9E0385DA39A4580886B388D42A22DB8617DB35D53EE7EC86D7DE87977D4F7604484B6186262D593FE0131CA9C8ED810031924EDFDEA6DC18E1C10174689FEDB1D110E0C0110EE113D2A98770C404ACAB07CBDD8CA0D91071FAA4EFAFBE8C3A97522E1B534BFC3463A9746DAA6B231BB4BE256678F7B230CFDEF47CFCE1320FF14CD51841A0A5E022894A7DB2928C3226A36D67992E9F877E8FB08AF8
T=0

[25]
S=$1482D9620EC22
W=-$71C93F0428F4CA07D6C73F9AAF7B96F1B008C10FF2D28CA51501263ACA9A4350B7238D5B69D82512C967CF632308E142C348F588D3FF829716DFEB0FF84ED4D6F2EF8B76F6141E2FE9D55BE4E6AC7E1FC0EAF77D8
J=$146748C9B30539FD0652FCE16B398ED582D951C0A87DEFD978C1EF5CCA31314C2E835AAA50BB6E6255980200A6523808C8CBCEB4D3B6CC39ACDB1C4E7BAA83A316818E461024645A3AD5048493C7E1DCB11868956577C1A61B84BDDED6561460761934EC6BF647B569E68E1158DA6CE34F7E41873640E8D4BE70C0C7C68F114E56D3B921D8CB55E868B60BAFB60E20FA1CFD7E7435037F1421C3B9AD88B7592058C22B9A794DD0FC1A
T=0

[26]
S=$80766C
W=-$2A76246CA0638E907708CA07E2A0422A098AB9689FAAC09D20804B57E6F94BAFB4D7F3254E79108AF6E8D7BE6CB414068ABA9745D1AD68A859F6B440E0ECAF20809882FC83287F10E4D918CF6B6601F95C3C
J=-$C7F6C9BEA1CF50C02603F17E345CF5353668AF757FB051C7CE457D81C7484FF407446FABF233A414ABCBADF27060BEC9EDFF315039AF9A7E946575F9449DFA3E9003725D7AC9449219783297E7F7945F60178EE471F3E453957CB0B9AB23A304D4DC05876732D6AFD900DDE9028FB08C72C93F89E7E5321C53F00E0328405D5DDA5767EB80517C6F9AF79DB00F5EAB351C3AFBE64D43C2438710E185BC4ABF0FE46746
T=0

[27]
S=$5D07555C
W=-$21F3588C918452F20099ADEAFDDBD5ED5C7968F43F0D5026A62B9877082096A3ABE98B075E7B2DAA4262379214F72315B42B89FD1F569A07201678153BA46537C7057B903026679FBB60A6F6B93A10090
J=-$B8AEFA512A73C1D0575263F835F3B90CB26AA4856149CE9FFFF26CED128CC04496E52CD9034E8279624BEE1E22AAF1CDF12CC944547C9A188070E77BC117AFDE94A0F2CBB80E60BEAA019BA7E7F0F2A5F4BAD478AAD0C9AFFA9B8648B4A3A0F3872BC3129FB360BA7024EE7CD8427F5D18F4A5AF0472773F973C8696AADBCACCD7A3E68B4ABFD12015FF543EA62A303E015DC79EF261336709AA7B8A82DAB133
T=0

[28]
S=$6C5B7
W=$325DD70FE4D5BE82FDAFA876B7E75AD555690F0F3B9D038CEF6BDE13EE18D39A6023771E7E6AD0E57992B252071E5D2009DC8F4FB2689F33365568937B23FD5DD52FB5498B3BF010D9255E51D17F3
J=$4EFCC1D88D65CF4CA406421CF3315C6D7E49887ADF42C81512D929282ABCAF7D9F57440D4058B5C9C1B5EE13A8D7DF2DF8B0B8810C5AC1EB74551D471EF531B2D4F403E4BFFE84D2FA136128D54658B0DD49B654028AA95F3F2572BAF1FDFDB9F74807CA563E9CC3AEAB4DF51637499613681C64DEE39200A384A352F3975D6539694C8BDF4CCDB6CE5EC823E98C461620CBE5A3F5898220F57AB139C
T=$2

[29]
S=$5F0F9AA0
W=-$25AFB7EC01E21EDD4289E37B2ED1D550795D269184D8D2D94140D52DC1D35A9625FCDA11FFA4C0B34D3AAA86333D9B13D3E4ED9862FAC52E0C0974365282FBEF7CA424DF62E59BC866E627E204C
J=$4B75748F2E85A553BE95B1415791D3725CBCF1DD907681A1C011925C51C860B763B3B36FB58CB83174DBC107360B3717911F6EEBDBEC22CC4F181D9610B98283F7C8DD2E7BF89336D840ED3725AB7B6AE3D4F0191BD11AC8742125949DAFF4CD5A468EAA18ECCCF3B07ACC5E17987529A4B72E03FC18FCD4F4DACDF32F25409C6D5D8DBF3FE3502200ED1914B3A9F04A6945269AAFC04B75A8E2
T=$6

[30]
S=$15F3DDBA13
W=-$ACC011DE62E1A0EC05B53080EC09BE35F8FE2202F1FDAB615A1B783726087E3F6774A74C0CA7BCBBB2C3ECE8416E0AA36435EBD64886469E68F00B7CC3E7E9D4DD9713299A19FB06556295
A=-$108
B=$69E
T=0

[31]
S=$19B550
W=-$5F62C8DA1DE92CC46B4E7F51691D12A67E496E5D39E1BD6B251BE9C8E6D246A857418F43DFEAC8917BCB102BAD02C559DA8472BA282957C812BEE053D9C9970F4ADAEF98AE810E1354
J=-$65507CD875BB19EA527A924BACA8B888AB4F06068DB2A4BE5724395BA711E00ECF8491EA08B59EDA40193566217E835ADCEDEFB2C33C1D4F7F3D399AB06BE4BF1CEC5F7229FBD732706255503590BA35525D778AE55B977BDD3A7E345B99408FBD1E8200EF6E4808B32360FCE8BCFD6DB91B60BA5E6A0110C3AC468B866A997EE38CD822BDA1E9DAE59BE39B6CF566B3993
T=0

[32]
S=$148FB6561B5F
W=$8D7D2DCBB6B8F95F82B11B950486398F8D62592040F7CEB264FF5F0F484C09D5961343CC001D10DE5C0989748A6F3527A09D978DA30C087778FC17885F77E25C6F2A5B71CB9474B
J=-$11966F491718CD5185090DF8CF2EC4D27B4863752001B491219CD77F920A5533FEC17DFFD6FD481BF40CEB7D13B55337B02D4DB61491E1E7B3E9B831F041C130124921C8928662E6C4C9E12B024E3D785728045BC4B1DF2E5F092B78ECCFE8D77357D668487363FDB4537E5B7E1E267523020704A4FC4076849D078F0367917E3244C8B7C040B86F6D2E7E1269FDC7
T=0

[33]
S=$73F8E5FD10
W=-$8BA20C7431A97774D576B1A4C37E62D008F9060B5DB57DDBA0FE3A1210048751B82E3F947373E6D2B8E7D73E7633C821A3FF6E3B462AA7B5ED3FEB9FA5E5648012793911CA
J=-$AB34B3E03F847C9E330897A9691E8BDC82BC1DF8943BF75D158390CD247C7E6AD6E95D9D90529683035254C2D5D2CBF6EC134185CF5AA80E99FF8F27DB0C413CD2161E76799350629ADF068F66C4B2B003D4F3A27758FFDB03DB4B40A292AF9544F89EC25C792B66BC893D6409EEAB28F4C11DD383E4D31F18323974F82249EC19AE292EF466535DE49
T=0

[34]
S=$53747744
W=$36CF54A2829CC19B2C746FC711A657C498833F1E7208D48762E0EB04EFC08F886E0205EC256B158F6CA13A4EC663706AC3B7E3B8D5C5404E6E88B78DE6CF734CF626A
J=$13E7396E0E1ED691283E5FBB3FED8B9CAB31958F4BC73D2E2F803D1D2FB83402FACA819BDAFF7C77399D622F12BCD0214518254C66B319D429DCB0397AD12AAA027DDE77CD1F55A807C4A96E3EF70AAC7F4FA5B89B99D3E2DEAFD98471D75FAEDE3F8EBFE446792C47FDD2FE101E4A7A07F181845783D475C1FF20D0EC78F1F7CAF5CC3AB2
T=$2

[35]
S=$24D6311
W=$169788055F0D543C80BEACE6BBE21205C32CFDE43606DE57E972B7CB70CCC12331AC444CD8517ADC0F2131EB312B1C036921FE5D5405BABD9503304214ADB8B955
A=-$108
B=$69E
T=0

[36]
S=$4B66E574884
W=-$E65B6765F51BB17F2F397F385E9FEB64A6270BA6DE4FEEC54D8C81F250500DB1A9078731B304F294F16500BA35AD9631D26391192BE8C5281AD13C8DDDC566
J=$1D094895681CFAA592489DB3358B5EA7815BD4F84D400E867D70FFEC0987D3616F64F6E9CF87864C7ABB946436E799FFCEEA9ED8FC42D0F577B5EE622DD727881696980DB89C9F4C6454FB5E5553F952C3558A20A850473533C7FCF5EF931FA969CA38AD89BDD3A8229039617298E1272BA15AEA0382B8CA02335D4E260B
T=0

[37]
S=$198EAC4
W=$AA00BB403D44A43344192A02A9D2EB6333CABC0F02C96AFF82360A6B9F26D351F196CEB96DE6752B75312879E3C37A6D45298F9CF9114F5E5A1A7F0E
J=$53130B7969604C8481FF6D721539ACBFBD29949C553BC6F236C72E5CC41E0B7FE14A5C8FDCA5DAD74BF95CD5D644ACF2B30EB3D4F33DA8E5E0F4E7586F108093C09E4D85E1F7AE27B6C7A4FBB725A694E080632559CA31DFEC9178883CB7AB6EBE93AD8BFE074221C70EB323FECFBBD1D48E70EE2E7C3AE46
T=$1

[38]
S=$13DC58501CFD
W=$24BB46F2A8DC5870B04F0262186F1287C24A051150BA124E9A0D792F46E49109332449B65A9A7735F0359C88502CA1F61D5509F537651B58EBBAF3
A=-$D70
B=$12F5A
T=0

[39]
S=$150E01
W=-$10A229623FCE9F471402BC46467AE22AFB3EC4F13495BEBEE3E471039D86056DD73733A6A962DD4F0B8633861F255BCC3C2350E4F841636E9
J=-$D613379E9DB5E91533EDE06E72EEEF4F3863562B92E1508AF0D349ACD5A7730687F0DB4F31113E90CACA2A9A23E10C5AC3B1AA14AA70EEE83BA80B94DA8BA9E3351B37448147C039EB707808E7A5DF73E9CAF2B6EA3386D18C5D08CA6AD0E7E7595FDF8F663CB6A7F3D5F626AD2F1C8
T=0

[40]
S=$57064
W=$4239E85B2210E06672F3C92D54FA2678A33C92448D330933BFCF72ABCB562247D054478134309A960959992643A681ED00F084DAFF1992
J=$14C4EBECF92C2C64C58BA23B50C8B45002865AA85C47ABD21C8C2F2BCEBF7A15F78A368AD7806A2378710FF58DBB89D77B1FD06D1776779F05811777691F32FABC7982CD7E947BC2A74B2339EED1CC254401F608D917C67BB24AEA2F8A61E75BDFE67EE42AE44C6CB426528C3AC
T=0

[41]
S=$C61BCD57E4
W=$75E3C1AA9F6962AB93DD131D9F9A74C52125CA87A10D9EBEA4D33AAC0271B7C1D1EC9162FC28E7830884D3641A740DA1ABACB8A3A92
J=$7736ED87A396F385602D8F7D5D0436640767DAB19DD7430F7B5CE4BA93C4E16429AA9BBA806CF50512E994DF49BDB10909AEDE9DE6B7A24D1B56D5598DB96512A46AC46C5AB7BCBB132F2BF123F9034FCBA8A19F02F4B29C5A12758E89D0399D110B04F6B51F9E64F3037B
T=0

[42]
S=$861025BC86
W=-$22B422E3C2A5150AF50A6C592ED2A024A9AAF052EB3BA5EED445E7B79B516A90336915B3D21E8A8B1206E78E2BD9B6E02563CA2
J=-$68596F599681541667A43A6A693B09580E6106D953CD065F4ABF2144A0FCC24DF67CF5535C29F22D14167B2A17F219B0975536DD558F18C770B46ED8BAA7459FF977FE9CD3FB1F6B7FDA8A099DC9C8AE39F17FAAA08A0A1605AF4CF3FC426E8A36E6C9B2E248
T=$4

[43]
S=$CCC04
W=$1DC1AD15CEA216BA84EB301FF8C4A754542A6CB7BC19B9FB456F944E1FEC4BEF7180E3163C830B00E5A510A62BEC423EC6
J=-$1273D70359582967C375D5C0B1B5D9C7DEEB879005FAAEF7C9596C0B4F40F6F32651E620D9E43C560C7BF535CB002DB96EAA8D829599B7651B20EFAF5E392CC12DBF7BE6704B638E0D6EB37DA90347F34CDCC1B5EA58C6A07739362BAFA48E303FB
T=$1

[44]
S=$B21FD6
W=-$48551394A4BA57ABD169B9B74003FF6956A60E09980F95EADA9E9628E60127E9FFCC364F2D196FE016913A9668D875E
J=-$11DD1BF4FBFB40C5AA4D7DBE398F326CF2D9DB12B71276F9E5F49BF3768E0837D574389ED203A268AAE91D67140BB267268FF3DC0FB4686949D3F0E180F4B4E4F887D823C92429671F71EFA0BF52413B282BE04E309C79C79D7D61BF5A2714
T=$1

[45]
S=$384144
W=-$10A151798A5A477C7A545194749E8C05385A235A95977619FA0C0AA3B0A402A6D843B00745126ACA0DF1ECD3A2A18
J=-$1225133A4E392F6550F69D1604B874E91F94909C58CB2B73293671F0FF28B4190E977D48169CB326DD7DFA759D51EF7F4E990CB2FABA0B12B8B9BA82C8477AEBEA382464757C05BC7B79F73D5DC21B6AAE4349377A89E8FD009741DD
T=$3

[46]
S=$A3AB112667
W=$2238C09239EC25F76D512BCEAB4E6301049204CF171F972C6BE7F089D96BE9A4F8B7992E6B17FC4B2F76226EA1
A=-$7328
B=$1DBA42
T=0

[47]
S=$1F0E45223
W=-$1E459F9FDF4C26D79CBF069A31D822E8FDF801CD084017A4C8F53B094AFE45775E53B20C909B792890833
J=$B339E309A101530EAE346B645D96CE776A0220A7B576609AC7E1097DD5F75DA87F4F188E11C23FBDD98FD15E6C6575951306320CFFF7FF22BB2DAF71D5E3E47EF26FAD111D3A66BAB6D51FE5792CEE2DC4E4D459
T=0

[48]
S=$17B01E
W=-$14FB2266C257523AF44404415E33175CB831CDA091B2E741CC7C5C64E31997D3CF3748DC2648C2844
J=$20C9E39E25C6D53C2ECA458867B21B96177A3D989C9408A2164B7E1559D2BAE123E778EBC62D7E07CF386E891166E080DFA3B93359F851125185704B8D56AF37A7DA132DAA23EFA345515428C586E007
T=$3

[49]
S=$46CE8482
W=-$2B3EE9A3CEC32CC0D5F2E5FAE8833489483624BEAD3E86CEC6EAC077328F89DBA892461391451A
J=-$348CA599B1FD6F83EF0F0CB4307DB341CC11E6B81C296B6158F41A945CD0EAD2D32A696589021045C8C7DE87C37C9CF37081B4D282E6D20AF26D5ABBA6B88FE3B64E732CE677355ADAF0154B93E
T=$4

[50]
S=$165B5C
W=$B0D43236E7A6BD29713D2E6D80F1D6D253E505F3D74E48B68EBE4D5A5A070BC8C8E6ECAEAC
J=-$A1E1A0DFF83A524C08F2262F9C5820352F9B78ACB23B3431B6608A7F3EB9D12072F11E433587B671412C3131AE7AB2174D12C99B1DA3765999ADAC1AC45FB6825C7751EACB751A38FA
T=0

[51]
S=$502BBB
W=$218021A22132AAE0FFB3FCECEFED38A8BCEE6E41442AEA82F851DD064B184285994A9301
J=$8971DBDD141160932FFCFE99E40C8A6D6DBE0BF92BADB174A653728169F1AB53A6A6E769FA2A4FC59BC9E88D54BF3027E38138D00750A4FC7A2AC835ED9FF03D69CBCDA6A30839
T=0

[52]
S=$4980CF1A6B
W=-$4B31055EA9DBA1CC551C534007B82E6AF95D5A7B8DE87664676442CA319774B909529
A=0
B=$14
T=$2

[53]
S=$58A9B
W=$300EF381120C145A88778BB3791DA7650930B3A33E0643BE091D2EE8378CE73
J=-$2F663FF72BF1B931F37208B41D2AE4E67F963C3F505F847332BB47202ACCF8125F521BF63A2837EB9307B47F730457BB2CC9BD4729AA3B1ABCF6E19798FDD73
T=0

[54]
S=$7090
Q=$3

[55]
S=$18F94FA4
W=-$547C606BBA94497BA123C54DA5903637FF31F4E4F83F0EB7A4A1B420B842
J=-$1A95D4BBC6E3CCDB58D525FDD0FD6C72BBADFB184E439FBEB1F5087DFA26C7B482F282C63A15F84E0C85AF5E0B9D064ECD68770EA771F112CAC5078
T=$3

[56]
S=$759B10
W=-$60CD3BA08230F19F23E28A1F9274754D3E2C3FCF881561B44CE447EA
J=-$11E4D2A8187C48A5BF6633CA93A2EEE7BDC2CC8A55ECD22D4503AFD9C3752A3A95EBEB4BE3CED28AA94AEBC64E7D8CA35192A05E5F76E970
T=0

[57]
S=$5738CC
W=-$D7253063731BBB754FAFEADBF936BD876F8859259801D87EDFEFA
A=-$23
B=$62
T=0

[58]
S=$1B12975
W=-$2D24AED30EF27A84B430A0C075291B060F0E2552D28CE785983
A=-$D70
B=$12F5A
T=0

[59]
S=$14BA4
W=-$18E970164E7D3766A65AAC78EDE0A0723ED509B2067F66EC
J=-$65BB5CA99C3A13F68CA6396E517846FF2B06E5B6BF9264DF3E19E3EB8CD5D3E64C12D262D631261710EB6E539F96DA
T=0

[60]
S=$6E7FA
W=$1E0EBE029937ED81538C4747D9E49CD9D124B8429F0784
A=$2
B=0
T=$3

[61]
S=$6202D92
W=-$AE97C8476D7251C9D357833C4C32733574C9B857164
J=$1EE98F176D4EAF2F93195687452ABD3451E0999E3EECC8DF1C8E1E89CF49BAFC507581F107392758F4AB7
T=0

[62]
S=$150169
W=-$B42AA6DD1A69FAB789F8F61680DDFEFBEAD8257
A=-$D70
B=$12F5A
T=0

[63]
S=$1E5D219
W=$928B95C96E1C7C75292D059902AA638BEF5D7
J=-$7FF41AE29160E5C4DBB8A3100005E41319B90B270B79EA89E4F50FC5BDC8E756E32AD4D09
T=$1

[64]
S=$CCC0
W=-$BE7BE9CCFE7D5F98C5B43F8A01BAB18A6E
A=0
B=$10
T=$2

[65]
S=$FE142
W=-$D64384A6E41891BA18A1B2997234E4DA
A=-$1E
B=$38
T=$2

[66]
S=$7383DC1D
W=-$228D18C65392294DB837B33FBAA33D
A=-$108
B=$69E
T=$1

[67]
S=$5C24134
B=$2

[68]
S=$3BA372B7
W=$200B0AAA8C11CB09ACF62F7
A=0
B=$3
T=$1

[69]
S=$202553F76DB2
Q=$1C

[70]
S=$1A12D2
Q=$8

[71]
S=$57F6
B=$2

[72]
S=$13BA0
W=$411CFD75A
A=$1
B=0
T=$3

[Signature]
1=$244F4CDE92E35C790E82CFB07B97A9DC9E1688D0908CAB31
2=$7066A75030177E91E56A3A485557C284AC7A1E05384412E3

