[PRIMO - Primality Certificate]
Version=4.3.3 - LX64
WebSite=https://www.ellipsa.eu/
Format=4
ID=B497403EA2CF7
Created=Mar-25-2026 06:14:38 PM
TestCount=74
Status=Candidate certified prime

[Comments]
Put here any comment...

[Running Times (Wall-Clock)]
1stPhase=48.95s
2ndPhase=7.44s
Total=56.39s

[Running Times (Processes)]
1stPhase=48.95s
2ndPhase=7.44s
Total=56.39s

[Candidate]
File=/mnt/d/c_prog/Primo/mwc2.in
N=$2EEB72C79448C8AA0D2C788C33989D66F1188B6529101C0593B43B245129F934DFBE5C48E57BF2E90594C9040653A3396ABF66EFE505FB5CDF1445E433874F4316A9F858EA054D707575D4B7785B69952D3691671FC38F908ED75BC8689B79B618E5B1489F7C54A2A8A1AAC2E971EF15CABDB19DE8956B7F918A230B69E8345CBD46A54BAD28D96B1092E72AE81E8BAFB80528ECD0138C9CB731318589E678ABD86A135861AF6D93D3A204DD59EB4D5A56F6ADEE098A4DA4C2206606A8F25261D81CD229AAD8F771AC1DEE3AF870247CB90C5D93A0B6477D016BC7158E903372FAC8E8D6EFE3045C58B7F20A9CF039DAD529C791BBDBACD9008B698A91334881BE4C2C347CA91
HexadecimalSize=525
DecimalSize=632
BinarySize=2098

[1]
S=$4
W=-$AF81E27D790800322B501CA68D5E5DDA3CFB64063D6138181A8B5B28C070AA4447757FFFEDF4F6A56F423C098B627E4ED1E18ACF262564C2FF8EEF84ED30E1D3052C28DAB2764F8DABF0490AAC16DD223122F8591A488D671B28BE4DACF9A5DF72931961FE344F0B70B8CA2F2A5AB5D6DE3FDC9A4AE312D5939E78DA0EC49A28AE2452
A=-$1E
B=$38
T=$6

[2]
S=$208CD7
W=-$E9C36B5BA7B9BAA946283360D3E95DF5FE1F73741ED3210AAB6B7EF522C5F710171B3BA7261CD072EB23E60AD515A964C022D396B6A5129F4649C4D3B128A670C87B96B411B518DA1B328A60B86BCC766807088F6C9548CC8390C03AAC815ECDF3D8FF6E5D08A7D848B7C91531F1D9B16947FB7E4D479DC9A28B197E7D19E4FE8A80D5
J=-$37412884E2AAE13E4B8FD3F469801376AB8BA747C1D1AE235DE97DEE65217735FD5EE513E354B29A0B987F309D08615C83DD865D9724EC8B15B2B98207B05AA2ED2B40F9BF8767D11C9CD8DBAE71EFC0AD891874EC552F898FF2913ABD6AE1A56F24BAE52FC378F480501AF70BE319F482A53462A523113FF85C270EC67D5CA81895051BE9C6238D82C4E60476ABBBFC5375B26F7FCA6BEFA8DB1E3A21ADD364BB3E21856BFDEC45D014A1A7660FB1B4FFBE0A7A04DFF3EEC8FD6762B3161EBAC7AC622D91F7EE4A9AC04F72AC38937F4414F3EE2EA4A4ACFE51CE8E17EA6D9B44772908D34F343234F824EF486538E69AB0552002A68CC84EAF7CA219EA378816B8B41A8235
T=$1

[3]
S=$E7790
W=-$FB5ADC22C04757247BB97B2455E8190B274936034606C8413505C7343DCCC0B54AF5B2558715A5F7A8FD7A2B8C5C9C284165E1F865A62ADAE2A76FBDA736C62FC28CE5DE92454B0D864325BB4BC5C77A16D6E55B1D0BACD696D9867B76F2651B0E9553CDB70125E357BEB7F3E37616EC930459C623BD09BD622F6CF7C80BA319A86
J=$114D9C9219D12BFC59DBEDA382B9867DBDB921FBF5E242D6677B9335F235F855BB0F1841D581E3F1B6F9295B8CDE5A227CC64DB802CEBEE0C22931445135886D5F84E48A289D4BD2D980D4AEF4D3D4B43097EBC68F089F6ACE99B8E37A2589A30297DC9C238066004D034CC802DF69067B1609EC115B71B3AF595BF106DD21537FB83FF6F48218E2CDC7EED57945A63ADDA330EDD92D3F991084F6E9A26BC61E0BD0349B5693990A045B750C5AF7E574BBFA306AFC2DDC3CB17B74D59135DE2EB8F532C95D4AD8C9DF943FC716149308C599C00DE9BF72C19BC75E0DE3800D3B4259EB49797248E1EEC1908532E69D4FC69FF694362CB4FD952148439A10276998AFBF7
T=0

[4]
S=$F8DF40B37657DCB6D9E0
W=-$141E78BEEBF39E36FD66FA52B48283BAF1451246EA77BFC0866A2C33334C83C4CEECCD0224E791814C36C14892F6DEA1CAA17321E52011FFC561F15450B7D812B1EEA349D3C5A3645371C0D7850BC0F62BBA0004E5B3C5B80E1B329F779D5A80DF0AB7A1AE6F969B37015D12B5C6A0C5A837BC6D3033852AB265DC0600FDCAA7BE
J=-$2EF882CF6B7EC8DBCAD01BC2737DD4169E6E2A57BD27C6CB24E8310646954C546CA6FB2A64D3112EFBEF48288E9549ED4A1CA4268290716E0B57C6DE57A64DF75655EC09995754B6165B2998FAD0B1843737719581F4D0F3E35BE6445F2F2931F5D48684D87C949781EEF3995BBFC719296783A928D65EEC535C176C7B9F0DCB7BF40E7657EBD8FB671B3466BCBDBDEBC504FCC7D1802298247F5E57B6623354D5F912063F17275C1ED318489F484A3DFC13B33E6E63426C58F4E3734AE06D5CC28088D3EC2858882BB1FB8FDFDE70FDEC1F76C1374DC4881CD7C110173A30159A21E7FB3C19D0A60A454A6D4B6D06C24D55119F9CD4D1ACBF11C762A50060D60F
T=0

[5]
S=$110AE4
W=$5D290DA09EF02B4C59FCBF36FF1B3CF6E7CEA66F476D0CF6BAC238325F05CEF034850E3A946BE9B291852499C877BB1A1CA0888A9B9421182BC580FF95B453DB5A8307D495764CDA44036837A83F9136B181E9A69C4584D41DC53BF4362A1EBAC2949D146AEFF825F603D74D3AC06C8B66AD0651C318B288498DA16
J=$21A55764EBDA3BB50E4D28688629AE5D124650DF952C4D4C3CC2D5E8947599556BF6AB68D992A13C7B02DF4D5AFF5238AC26000ADC5D63AFC67ED85477D5F67290C7FFA6C7F722A448B84E6D6D43118CB2D0B243E99027B8BCA5BAE00C19080CDD4ABE9A8DE166BF4FE66E7A688585A5B73DAF64BC50D9A7F58167977E7BEB6AE7F2C02102BCDD47A637A912C5303145B57C8B7295D56E13AF1889675C8F841F6C22DB22DBBBF7B8130641961FBE9F325E8F690294D72C51CA8F61D029FA9E9B9DCB6156DC7E43D5D15E97B411292F8AF36A41EEE3ADDB225653CA12BC43C68ECD6A26592F482B1C3E19CCDC83A8D356F441A170AF0EE1
T=$3

[6]
S=$D16DFA6D
W=-$1332EB60B9DE76C10E7C82E87362D15AF9E4AC6D173EFAB9B08B430CFD844DE4E9103F9763F9D3A1F9A307D51D98072410A9C48EF63FB36A4CB1FAF70B8747DDC0472FD06B8B2260BC8314B596F9FA2065C76FAB29AFB39D96486FEBD7F21FE8DC2F760A0DBFD1E6C90432467075B0A276DEAEDDEF9596E6D7ADB
J=$185BAE3769BF9E801EBFC13478F5ED7F93652646ADE20B3D3B134A925853652DB118564545295DA74D34DCA850FBC0D1B951AC2679B33C0F979113BCDA7AC8AC1E0B0EDBFC103F5B885C1DB70371CA98D28F89930914966843C511827498168DB3E66B5451FB7008CC61EDF91C194CACB18075D850F68F0164748CB0994020496DB4C25D58098DF360FB292FF2556C8E99427C45B556FD7D5C7D37B0913B5D3566B5DF097306FD916DE80AC22C53D62474FDE1D6306350AF3FCD36C564EF3E08115B8102FF6086B5CCFFFE9228E7EA1FD7F8D7C273CCFC0112EFF0E7AD7ED389BD0EC7F55E7C4EAB8AAF79ED81D27B46A15F8F33F
T=0

[7]
S=$7E5FD5602
W=-$4229909D084D6B72AA42BDCD7BED2C81D55CF04D0C70798ABDD155CAE0AD9431C4F6AC58D0C37E274CAD09EDCA4F3F5D477A41310F4ECBFC8ED424DC63638CBDC38DE67B85D255E1034AA8CF4697E855A08477EE195997344E4C5243913F3C1018764BB142A85614F1F4692172305C9AE01E7A059BBE1DEBC
J=$1CCD1E8100A6924988FDD205F52C4A127EA0B81AADD7759CD75928C1A492CD83F103A7F68B515E82E5BE8F557872668791AB78F1631CF373457BAE504430DC9FB6426E0CB995FE12DEABA9746310F59AF050214F56AC8A26DA7B75CF2FD72E58FAB98F051B6DC0CAD4789101CA2E42B3D4E6455D2DD82806BF5905AFEEDF7DF4B95416C3B1B55107E9352A2ABB7AE6E6FDEF54986A92FB92A888C8A41E5075FA1A02CBB4B1EB4AF74F5A23796AB354AEFBB9AF850B2C387E6AFF4C44502B1086380984905CAC8DAA0BEDD4AF768FC816EBCA53215AAA8E293D58A7E3E9F79AAD35DDD103D85598A9D5DF633254531ABDB
T=0

[8]
S=$1564B3A7D
W=-$BAEC949BA52BE539EA1D071118345648E2AD8CAA18711BBE31708FBC584AA55E7874310ECA71C1D0CB943F90872F217EC377DAA3B303136F49CE496BCED4FE282D46866C55F6CE3ED81F24BB3D2804F4E4B8E90523988D3278B57C458A7F4CFFF52B53727219A126957FE6B423A49D1CD5F64448C4BD
J=-$3CA75D64A3EFB8C137C06074CBCAF7426B974C5DE5D9192F112EE6966AF1C8437816ED2798FC89E738ADEDB4116967582551CC811EE2F3BB3E5DB768AAEF048ED89B46AB6DBD42F22571CB39F935661139C81BC391426305EE19554D400C2A01E45B100AC69255E39CB40732DC4EF2DA132B4D050FA0D6D1A8EE1A5ADF20B0CE4D1AD337D91932D4B33580FD339C54FF929D3FA55646272ABC60A7B0E4DFE71D24E0FFEA836C7D1AD05EBE272153FD4D0294F730E81733D1B27FCCB9F4AB58F622B62822ACC3A1F10A9D4CE75D5814AE2EEA3FA27344CFAAF11844F451F56A4E40631EFF0661D2EEAA84960A
T=0

[9]
S=$9E7E961E8B408B03C
W=-$FCFF80F8CDCAD6C223AD2478BD9773CF818EA0D433FC62189A41F72877832E222A1C0CC35985F730063BEECCAC427D6D4207F14D30FC9D25EB2E22C19B6AC119217A1DB44A2F59000680A7CF70E6EE2FB06F563D488C65927AF6E6CB05AC133C5526B862154C13D39D622D945BB01CCA4B0234AC
J=-$51E01CCBC696575A7DD73F3AAA29661A9BD7EEBD01276ADCFCB24FAF655DE02DFCC1B9BC5E3A66C408D5CED586E15935D085DF6A7866BA9BE35DB19CDDC5E5D632447BFEC0F8ED3E6B3714F7C5566DF7F7B5CB7767F1F07852F63C1D7C28A6509DDB16A303035AAFB7927E51588739908B7297900B7314D38675F9E50207D156F1B0EB1097078AF211CD1A429AD1BF7A4BD67F466758412BAF1DDB6EDA6115BB3E0EE37FE6D854485C4C27E2D5D50A87FFA045E2A5CD562F213D067240E929DC37E68AEFB75BF3A013C5EA78544D11FC974601DA999ED2E6873D718B1C0061C110B93242BBD16289
T=$3

[10]
S=$B39C3
W=$2597ACBA43BB8CE3C2E01F8E7D66902606318879B2209A560CD2863629E52A85FBA4950F92ED3106B210BE720C0BA0C7CCEAE400AB313D845685754EB2C3B880BC0E5B389FE3A0F89765FF67261FD5D8A172D5AC9E1A408B7BF50B35F0D4F0D6265D8D85BE55FFE29F0CC3BA995D50E3
J=-$5C2B349279E2E60E33E592580E1B3433984E754E3FADB12B9B66DA426A370779BB3BFE59B262D2C1A9D3C4F5B0082CF4AC9EE7128BED3C42520499D4D1CC23165888BC22D2357E42EBB01885652851F7D9CFE0CFB6CF3683943F117A89C957C4F901096D13008E763C22F7A7F8138337DB52EDBDDA7B297E5FC47B4233DCD02A9DBCA06DA8E52E37D733FD5A1FC3C3E0EC6477060DD4795FBE95F9817D4E5544AD38BAD957BC9361C9B9A4D9DE4E344272A6DB103B937D126AF2DB32266A6F4DE58A8DE316A55613116225AA3940C3492C75AE452C41E5D9012B2B0C2BABD1
T=0

[11]
S=$39B540
W=-$270DAE8E12FD919FBE3DC25956BF028FA1848CB42FDE709D0881456FD58884943CA1BF52C80E62D9733027C522D08B8B7F7A72420061F74DC2391CB573BC157B03B3E5A254CBF119F3B0A096D3BAF1089CE3D59142075FCC07DAF88C4EE18754CD85D510286ED616A84DAA6EE4580E
J=-$B681A0357CA93EE1E5468411BA58AC304E6EC3900D86DE574C0B868367EA077F331AE7BB30D40243874D05629D1123EE523BA80D37653ACD0BA92A4A42C28D843BDDB1638B12F8875D0E2D358D653DD297AE9AB5C6E9BADA34F3DCDB1B3EE8089B83033562C631AF79F02ABB520FAD0B5B3167996C1B31223016D6DB3EF721EAD5EA98A67F9EA295A6353BBA1A2A867B08CFAB4E017528F15A3F98125D1E8324EA5F896044B5C7A4F77180C66FB4B093F6A451837F38F723FC9341FA1AA4D1350C74B02A1297EE49A82F0538DD2A8B0EA2A27BABC821F6BFA14F7283E6
T=$6

[12]
S=$18C74E38BB0
W=-$50ABC023C0EFDAE86F6052B4C70534AEC79588CC8DD68C01E1D8C3B03C37A2A2E141B9276D1EEB925988CC1B7EC02B86E0BB7DE1CFECCFA96D7EAA3AFE8F8E54CE1E2C28676F0C72345CA1FD4594B0CC3C073E72FE7E9914C9469CB4EC7E0332D401334EAEC422FAF6F97068702
J=$369AD93E74AF795198A22875667F200EA54EBE2C633E2EF888314CC9015000D6030F62EB03B72A55BF9E9F4A211A7CD0FF006EBFA1B1C4C29325FC57A07714205F0E8F8A0C31EAFCEE6CDA058FCBCDAC543175E5D5D9652051741F78614C7F60D0804546F68BDB3CFB2B909FA1134ECF435F39F0E0D2C7633F860697F2E7339489461DF29A23E69FC18861746A8CA474245DA7C1B453B6251D6F222CB89F6DD779A6A4B4432E45AA49D0455126F03FFAAE39948CEA349588CECD9839C2A8309641DC7A20A2DB5DC3ED54ACA8F0472D41B181CD37D9BDCF39330EF
T=$3

[13]
S=$2A628E01E9
W=$23CE9ECED3FF6D8164076E4E680D6EA3C25D0AC17646474D49C10FFE98D528A2E5A3284A1CABDDEEE94ECF97456F757CB760DA9C3B12D94667750A8FE45486034727481174584BF82DB3F9A3E538836EDDBF7DD4BF0CCD43E7F844C9D4EE25F55E3188A3AC0DB302A9DE3B
A=0
B=$6
T=$2

[14]
S=$78E8AEC
W=-$6ACF16C96EDCC71DA6518C37882A0CEC629DEA2DCFE6CE3CA8A5F103687C91B13FAF9029DFB28A6D0025A2612751DDE50FF13E2E658F50B507FEAAB2BB10A8C5ABD7AA30977F7CACE04B4EC6D5B63D20BDA0B85F30ADE899B835F23B346CF4734DA10057EE83D8142
J=-$35B8190BE9D0341BB42FA80BB9FB768E28547D81EC32A49FFFEE878071EEC8B3B983E6BD54460A2E27863FE15475461123C511F3929665411B5D34E0337C6D9DB614DB7B10FF823005065DABD78A404DF173F58F89B6296B8DFE3D20BE5F100052C2FEF2D9D2C57D1AC3C950D332DA275A603970EEDED6AB7D996CDEC5DC626CABFE19B649FA2A3927D5DD832726F78A3CDBE3FCB75F9A75A45EB7C391BC6F82229E49B5931839EE166C85D3F975B356C40A6E7D3CC1774F9F4E4621F6CFE32873C920F7866BC250A76C8399D63DD22E
T=0

[15]
S=$7DD7192
W=-$167A9CFE93346B8CC6DA42137E314AA24C3868E8B37B80BAB96113C5B123F1D9769BA6D0DC5811E0E74778DA54D22375929363CA3554CE58A68612076472D98EB96E371ACFC90C429564EE753BCA21E8AE5648AD283F4AAFAFAB3128D3FD1C580D77B673250E12
J=-$105D1C8510DDC86F751022A4530FAC8F7722CD6F8839187CD8285AFA6A91F74610B7B587C28443131274D1A1057FEBA43B9BE5E5F59A69023F07B38A1548732113D7FC0279568C8CD8FB3295B1807BB118FAC32D56FFB3659D33FFF4B0B7C0D09FB6986E423C5A6B1E3EE43E0D54F21BC20C7E4190C7B514CBEDA9F6E7831765188716B360F516BBC01854518E40A7D6AC6A4538A640A55EF06DF44DA27FC9400AA7D1F26C29011096F3F61F365F90FB0AE5DEBEA4CFBED9D00D722DA13AFAB519A16C7948AD186BC6F18E43FA5
T=0

[16]
S=$956C4
W=-$15C3DF5937F4C038E5B0C7F9A52B7914B18C8A25BE57C54305A453B1A95E4E3DF9CA640E669B0291624DE61E2BDE31A47E262017D963492DFFC39C3A33F67DB01EE671E19CD1A5FBE774ACEED3422B6ABF274275D200B2AA13073994E4296ED8B820361DA5A
A=-$1E
B=$38
T=0

[17]
S=$B1460CF3C4
W=$6CC19A4124DD1A35DFD2566850C77491E49B5C61CFA3FD17E31CFAE5BF908CAB5CC8CAD13DD14BEA5287F4855E262A82E311121EDED312C9176BC1E480B45721370EEE212156BC4E73FF7B10386D7528021F34104511C76135E4BB6408E17034E96AECB6
J=-$2BA2103F55A014489ED9BB56CDA334873CB855018D9F83AB4C9FA67C047D5C708E3E400B44B4674F9267C23A2BC309D1AD471BCD60AA99044BEE4E6C2314166DFFF7C7166361609BB3326CF638F152FC4F67FEEE2DF6FF9660C005CF2444EDDAC8C2E76B244FF9EE6756F9B1C51F88E490815079105A527957AF11A845B1E495CF751212CB27F5EBF17282F706354E24816AC7FE0029F105B803FEFFE2B2A66D10E64E2EA799F6AB8E4C89E5EEB7A61387EAD3120A4393966B8CD9EFF7AE6753AB219F725904754
T=$3

[18]
S=$5AA5ED
W=-$29D2D3499D2FDFE79D155E6F92030F2B3103822FE154D16C2D20929A7E3CDE2F67FF0C4EB63D3A500C83E544312D7B73E4355AA9A196370A1D9E7B71A089F53175C00A5648BA3B92D053B8508D1AB7972050019A28C26C56581F444CD732402F9FB
J=$7C56793CCCF82A837480422B3F9D03993D2196AF3ECD94E81F472CE3A082A8F1AFEAAB60036BD742F66C168ADE704FBC1E07F631A1047979779D16983B50932FBCFE5E1DF8678954003A189388C404E670E1B5A6B0BEB0805141C85AE2565476699E89E66787ECEFDA7C91922B0B84B9271208B5D4A31C369D90CFC147AB618FBC9DA1864142800CCEC58CD0017D8F8E5DA511145815C1C079769B54CA400B957DBF6ED18BB230DE452F27121876B88EE6868AADA6929861CBB6275B6BB7B1E44FFF0
T=$2

[19]
S=$3EE6B8B
W=-$D7ED65F7A5010B0AB207E51FEA746C71543ECC4694DD7DBFCEF9BFB23723FD4CBD71714B933158B58345C22A70AFBB236FB2C8AA262607AC07C19F7253E698086A1FFC8823914D7DE09538804356D1303A70E8EF74EA3A71D8458316A71FBD87
A=0
B=$3
T=$1

[20]
S=$11CFF3D
W=-$688534C01864D3A053E2CFD79D0C1892487EB6E72F78E740F495E361255564D821345343D2480E94FE238117747DFAC145E76233626F6EDC17020D3FC48F5244D04E04D8D32589A4925647B1820DE1622E1B91EA0DAD99315C1A55AF142E1
J=$3085F42BF497677B77AE0CEBB15A399EC47C78041BDE49392289485CCA117CA0BEA99FFE998F05B95F9F719B4BDB1B2E5325C51C625803DD7A945D4F6A6C03A660D797CFCC6858D052C513A732B1B8F0FE95A3ADBE79D1952D3E77D8FF81EBC6BC535DA45525D943D8B22D08C11CCCE4E7ED8F9081B6597A455B8A8A636B135AA07AEAB83DE65F9DF0F9FB5955FEA409D5918BB6CC2434E04917D36BBE3FDDA381ABA767EEF871C3375B131BDA9A8E2DEB0CCF4331659768115482ACE
T=$2

[21]
S=$1C570FD
W=$25AC520DA5DB909C22437644186A7DA1039DD3927FD0829612F95C6664DE1D99F2228780883562EC01D9917942652443B6C2755B201EEEAFC4CCB9068727A8D9450EEBC48AE5B3C126C7C44EF9EEEBF0AC8DCE6259F7FF6407E125124D
A=-$84B750
B=$24C7B73A2
T=0

[22]
S=$1FE312F
W=$51193DAA7C3E1E16BDA21E017E4179B1586E5F2412982A39990F55895B8903F6CDDC6E8DCDDA060C6174F488943436CB5389C05B7DE6CBDF9822897AAD3F4AEC659C49BDD76627754CAD61ED63430E6D01981AC728DAABBFC13BE9D
J=$B966AFA30123DC5A5220223454CBD9B692641AD1B065CCAFCB717352E241816C5371AD76D558E489D32EEDC188AE845271059B63781172DE470A0A3FF31A13564F71233F627D555598DBE25438A1957A9498D0B24BB7D172A8CAAB7D637B6BA1FEC8C734C9127A1A281AD6A0C841D4FAA5D2EF5E7B5320F6F9D155BF7919C4975038848697DFBC628C210F18E551E1BD6C2CCAADB96A460E51C77A1A26486210F48B95B08B4730CEDB572C79DA9B288FC640657C79B4
T=0

[23]
S=$1CE3F8E
W=$242AC9A2F21D55F311A2A5E3F9EF0625991C2048DA586FF9C7F9F64FB518F68A9867BA84EAA36F4C78B302B5AED5F8E9E7F5F0B01020418E3D32C0C790B382F3102169DEF6B0FA8944A6AA7FEC4B9EEE809D471C19707D60F90C
J=$18E2F9319E7DB1D68AA949F0BA5F6280449B05F658E9C99683C51B495D69A6D9CADE9FD169563B571A7877915A7CD79B0AF7E074DE67536AD3C70B15A1D9BA37AD76F4D60BF1A9DE282F5DDEDB762005216BF1D3A03F60814E7D4E7D8AF94332C3FEE1FA0AA3A8688B039395CD69E8BDC99E657980703FBC120CA290D47A5E232E096A8A9B7BE17F6C503A82C882E4372F75049AD0106C34CD284894120CACF090239E80215C368BC322B2AE5BD6D7E5E8CF580
T=$2

[24]
S=$2
B=$2

[25]
S=$BD28E5D159
W=-$164091690E82D4A1C8AF1BBBEE9D1976CC493D14841C0A43A043E83FD4956853D12D23922C8AFE7BDE8AE2EF7E6D60CFCFB3763C80E5BFC66514E99A09C6350673BD83C7C45D850913FC0CF55BC231726B313D2A9A654015B
J=-$4DEEFC018DD544B3E9593E6AA7C5A12A8DDE2A6D56A117EFABE7D00D12D39D880812C2A8CD6932E8473B5F0086985EA4B502E9A8EF57FE8F9607B69FAC09B894761B21236C1F80D9FF5175ED5F3D0167E4586334A6E025103E08ED6CB458487D3474F95C18B828F5CF067A149E3B84805370044EDE867E611C3806986E403790F4EB086FE8E3965760E1A89232512616B0E5AF6F60A4291FF07C705DC4DA592248530686D66623E1DF8E51554388CDD1
T=$1

[26]
S=$5A56432
W=-$215E7A4A226A9E28E26F8B71FD21A42FAE2E300A8184498E1790DF4A71BA01839A5D6FA93005F7F91B93AFEF38F9703CF8F9467A4B9C851D40737D3026607998B8178269BAFC044D8E63583245684649BDC7206A43BA
J=-$17CAC80C7872B14C79DDAC4D8833A5BCD88A7FBCA4090E472979D90B2E0BC1F8A97BA840DF71E71F2E2780AF6550775FD445A3AB73144147EFA0D8B79BF80B1D954D4C94103830F3531ED09534F3C0DA92DBE626BF60785AD44E3B9CF1A9EBBDDD7D88569AE7D96819F538800434DCE8B5E4CF6BB933C4A34702CC865FF31413562CE195708E5526C9F9FD2A35EBEABE93696CC4EBF485A934A5F5B8046DDEC43C471046435081165AF29D
T=$1

[27]
S=$45EEBBA400
W=-$E37B91FC57F6C44BD9D0344C2EFDD7E090022DDAD0B9795B6B4704E73AD64B32B053096A232E933D3255A9BCBE82CA5448B1793AA5AEDC91B65EB65F261767FCCD9E203B37BFFFD2C35A80969ADE115DD08BFF46
A=-$23
B=$62
T=$6

[28]
S=$321F156A0
W=$1C66B800B96C16E58F4DCC7BCE585C734084D1BE732888F38DD7782AE0E542CF4D25C6C98F94881D6C20B2F9DC2522A5260D1A5300CFEA8B11F6E8EEC0BBB2C2DD9E6395A2481C6DA7EB6807767BE23F0062
J=-$4F30B96303ED17A77ED25DBACF9FD14F47F89D9DA678073171636EAF794304988B5ADFCE912A0275BCAEE92C0904DBAB111D17443AB4B9908A35169D5BFE4920AC033A4BFC19AA726A453DAAD7EE8CC4E329F383F0BA9A2A2FEEFAA8FFC3D510BDA205304B7BAFBB14AFD0F168BFA40D9A2A53A0F7D8543299ADAE9D44C62CE3DD0C8CCCBC57D6A8C818D25917EAC3F1B4DAA25006F7CB43A13354A388B5B23C1D5558
T=0

[29]
S=$9719B0C
W=-$103199BB354ED7058C6FBF09B17B73EDE0E83D84414C6C5E846E5B01C75004F5514FB1DF47D1C1C4886C53B219F4AA9A95C61FEFBFCFF5C5568F95C8FC348A97436180EA92DA0390425E095B5D39D8BA
J=$844438FAAA4D4ED8CB4110001465114D51FBABD3A5713EA23FCFD41A2F26064497F4B2D33D33173029509515F9A7DAA24FC96180FC8FF679B38ADDCD2ABCFD01C850A614EDA2FA6D06B2C58D7326C2CAE298C7D7DF6261036F112D85BA60367013EB90E8296E2AC793763B87CFE0896EE541E908CCD5062DC19D310B86346E3E0A07740958D8FD9EAB9E4057041A0204A364128E47BF5DA515EEF68883715
T=$1

[30]
S=$905A4E8B0F7
W=$512D6CA0F5BF33A91B529B648C56722D370AE39C9CCD3D7C2DDA3AEF7DE0363C70B32824568376C39C72624DE4073DBFD51913A6E9C417C254274B88F5E6B37E1E7424718AD2739CD51B426B913F
J=-$10905DF4CE1883A8AC375E0DAFE546EEDA402979BA7F6BC55BCDACFAAD0D85D3C264A226266D079276FF9EB4671E52DDD427CE5F4CD53B15AF95588DE50A6D847D042CCCC68D38AD1FA117D2ED6A64D519CD2F3E1342220D53CF9CF729040B2B0DF6CF04E69048210B93B036E67148BB526922B8D13B5AAF5355F94E9B7BEB1F6B6DEDA74625C8C7207917C1D2D299FC3C803ADD650B2B3E14FA347
T=0

[31]
S=$150A14
W=$1461D5E4B4AE983588E798EFF16471377F03392B8E0D8C059F5DF6201F295FD8DA973B1951BC428C5CF038CBC90EE5B745D8CFD9642A88D002F450DC28583A2953BEEA230B6094723391BC
J=$321240D2909FF88711ADB1C0F3BEC07412153CE752CC19582577A6270FF8AB4A2F26FC5FAAA3BAC7FA421280014C03CB689792B54D7AF4E99AF89C2A8B2065B8D8F530ACF074E535120BF717EDCC9DA62C9A911DDFED08B23FDE22EDE4E1E59186B08D701566A8EBAB176CB511B3E670D73CBD030584812B162772B3DF848DF1080C68BCFC1B8DF57DF3D129F3EF2B2C6EA0D3954E
T=0

[32]
S=$AA330C
W=$5FE33FC899EE0BD1A3DF96036C7EEB817E461AC47591FBC692A278CD2A8AF8A799F23A4B35985A675816D340D8B34C5B0A9B283D73CFBC96260E372568DEE877B5475873B0252119DE76
J=$9A7E93F1BDA0EF6F1443D4F42D87539829CEA68DF44EBDBDA9B1F099C6866D6036B1D706D8DF8EE8E34E3A0EBC991EA31D495B1C0F1DCCEEC5D014523453C8B83D85D337F2E297A51092310BE7A872ACBA50A9F67C541D2BA1A0CA76270F4B55DC597237E5033A45D1F124579A3C658CC23B4A3C8AAE35A798D1BD5FCBCAAE0CA43620907515451BD49782A25ED08C474C65C7
T=0

[33]
S=$321901FF
W=-$6E1E59E663F6A90FBC4BC643D8BBD00B4B0511A24A1880E5D66D423819736038ABFE658B4818F89239EDAEA6EE4D85DB1EC8EB7E1F8F1F9C8051D40364161C9A5CABC3F0BDC0127F5
J=$4385CB82586F4E94D15C486B290A54D1714436678B9710F697E93CE4384E7EECAD337A2A389990B8F4F4EAA8D4A597835835DE62FB8FE37651F5154E4EBFED773E40E5AAE70074DCE83932B9C38926FF5D09CF3D513FA5526C63014875B55107B9D89C1E327F16B47B3A0002295A27D703CCB680D78A9351835518088E4B1FF63AAC6258CE8B98F91A9D411FEA24441AA
T=0

[34]
S=$F72517
W=-$113DED6385F6B521F7EEEBB7B58C5DBADF677B60A28FB2D630A5B71CAAE3463BCCEDF9E7228D1C03CE684ED63E0E9C170CCBFB5F4534D8272C2162C3175FD8C8F8FAD9A2C4974D
J=-$B99DB12EFAD92E6CD4D9DC86C90AE936E66CA0570C7DA8529994C6084BF4274E346EBC2FC68EB8DBA730237E9D9F40D3683598AE7A9FBA9BEC152425F2819FE5AD1CD56074A006E37B3B6795E23024FE3E163A44642813E9391E904FC20BD8E77F1F7D52AB87F5ABF840024EDAF926883D49B139ED2571346CE35EC8CF738FD1874DC4009548A4BCB5533EBAB
T=0

[35]
S=$7E8D4
W=$11835104C47E23743AC856DBFF59DD09A7F4C835D652E7B295D423AC41B47D633A24DAD6B8414861EE52B5825F0DA95651B5D4248CD64E217B20AED6F8BAF997EA42A5E2DA0
J=$236EDDA7373713A6F57FA8707FE42C477797421E6213A6A1AB113454AD233293B384E5897C0FE368CE65DE9DAAA1564603E047553D0895BD828AD847867A96092E47F26D844281BEBC528A6153DAA883A6E0373396645D2BF72C660ABE6D31C24510547B57236588CC0FE25856E8F12790729A2995D89FD2F90EB7824557C8F04B02D160CEF61A5F7967
T=$4

[36]
S=$335367C5
W=$56CAF6B6C8B7E68515263BF3CDA64743D2ED8AD377B0E0FE49246DAD21A3FA4CF0BC9336F85477B827D33FCC03D108F4A80BDB0C89FF996104B424408178A4EC3C8ED751
J=-$9C2DD98F45CD08B07E2FAF5405716099320E82D4C853F7FA4DCCF5D29DA4CAD1CAB6386D2E2B9E4BA6FC678F684FDAF2B0705FB123B55789FBD6ABF7E240ADE3BD974EDFE0E65B6E0C661C6B178C677EC60CB002271B01EC99E156120DEF7676D35A6BAD30FE65937BF6C9C91FB11A627C3E96474B954E5BD399049872D86BAC199F2499DAAB53
T=$2

[37]
S=$A19DCA54
W=-$DFC87A06B5249E34A33A1CB7FFEA35518B15E74131A1FED17F8A3521FFBC1BBBD7481EBFD718240853C874B0F2CF487DEFC6CD570FF471625C460F1709E6DE5A7020
J=-$14F70F7CD557BC9F8F62B6F3E0D290B145024C2B9CDFB9A5AAA5892764C3851A2DCD9998ECEE34B609A6700D18EFD14CE2DC87C4BB098BCABF0BF650BA3B94A3FE526C096DA6CB1A09DB58C8E2D295B76A5B1476BDB91499B3DE0A7B2885D3CC0203352FAF051DE665EBB55E686F44C2C10B97F216842239A3211FB9E62C28C0B0B701CF
T=0

[38]
S=$2B71E
W=-$C6D18A995DFECC160A3E19008638A2990DD27280738D8B1DEDE4372BE45C818C870BAD5C134A13A1BE573057188638488F58C78961B51FCF5E0DE26C69D0A7EE
J=-$25038234D43183A73B46F862FBD897CDD1038F21C861B9E7BD2C952C267160D7DFB0D5C4944B5161BF7D485C49F6D286121C4220BEA4F943426A0015D4BF48E7DE20B6C35AD3F39D5A1D78C9133507FEECC5C57B138BAF2E1B7E17F14A85235F3CC08F0C675110F44DA7FE2EF3501B98F25F92F4580E68104F9491173096EC29
T=0

[39]
S=$19E234A00
W=-$A163FCBD865F7E5E4CB58F60247FDC61560498DA2479A4A29FBBA55CBFC2E1927F9E051794A280915E017AA18D4856090C59B514DBF6E4781D198FE1BC905E
J=-$6A23F3DEB9EB24C2D0E5B316070218BB7BFF286D99EA7E3C6E1F4275F6382D78E0EF3B7D37AF1A3DED4CC7CAAB088B63FDD6E7804E77D29E4C12AA833265090598E15909FD0C49AAE308CEF8A91503DC79641E56F55955CEA4F58396C8F9BDF8D50A00FED679226F30725AC33AC278644B902D8EF027233CBC636AD1BE5
T=$1

[40]
S=$AB449BD
W=-$192C660D0D1701F1F1EFF2B933D095D0357F919CC485E22E14956AC1921D487389F3BFC19FF983FAE7DF090B1DF98C64CF06216A476F9BFBFE71A99C07
J=$57DFB0531C55669CDEC1B60D943496C3D9CC63C634C9AA09D784C76CDD99A0255F9669D5FD6A2C9A32E67CFB100BA6FA57471766F2FDB96F98F04C758FA2AFE37726C29FC843CFD5B96DC11C4B95D89AB4AC67BF4C5233FE516017C486E22F4FB2A3270C0072E67030B8A88C65189800434B4A6080C6BD998FA
T=$3

[41]
S=$89827
W=-$2923617F547B1FF2B1510D01C9C8B61F2C6E433257E353212AF117CE12E6555EC37F02C14A358397AE5A81406D9A51037C6861529A63F9B915085FB
J=$68FE92FE9D8E164C3074470E6E7C2438A7221B85775ED6BB214C6E197ED6C4AB47D30F2000F30C9AAF2291BC1EE9A1B2F334CB06DA323EACA00CF21E979941F86C8007036DD153470332CE48135709F7C95307DE138576064B51C8F5F822E2F6F88DF3DD7F7F5E5BC29061844E282A2F698BAC48E83D
T=$1

[42]
S=$3DC936E3EC
W=-$7BBD996A862F7A74C4A677CBCF9503980E8831ABF4A182AB1A817D05121F35E925807E51C2CAA08FB7E545D90262779F5FFC05CB3CEC10A77AF0
J=$44D431EA7A8FF40D0584E469C34B065947DDAAF9F9B261524705BCEB2D5E43B4460BAC683B991DEDAA183FE78410460D580FEA2CAB53230BF831FE4CE55B3EC8467B1EE98A7F608B4D661DD5A3900D33911240872AC76BACFB6269BF01C98F26E2865E0DB85696724BDFE0FFD072AB032516D81
T=$3

[43]
S=$5E574
W=-$926BC7AC05C2DA9CDDB322D12D5A33B6F48E1723A63BBD17DFFC92B1E418902419E0CD56B8B73CAADFE4390699F46DB56D2862FCB80C8B4
J=$2A4D62D86609BA41BD932F9DE4EBF647DD58EE725A96A12063223EA5DC96690A6F1CDEFBBB6312A808C31F48733DA2AC54560555728881893EFF9A745613F0B3128B7BCC662483BCDFCD00CB8BE9E521E80D9E837917902E779CAF09DD1725FCC45F2AE23FBAAAC6F036A3974F7223
T=$2

[44]
S=$4DE4A
Q=$6

[45]
S=$7492F
W=-$10AE6083A0E12E7ACC4AD2635F98AF7B33B0DE030AE1D3EFF7D6447FC06CCFE11BD05CECAB740D99B8D8584FF5FA7EFE787B868E6F9
J=-$1A82F3A7917D97E73770A02713769352B77EFFDB2F0F1D521120A4874954BF7A1A943910AD5D09AC9687D2ABF96678013DD7A2F12534226D1FF4D29151C35ADD88328C71E6635E7D0B4845F31E5FA8DA174E54833612C966CCC796365704804A0C313126F889805A5D248
T=$3

[46]
S=$2EF8550
W=-$1F479F70DE6623C821ABC254FEA3E279604E2DB881FBEEB3EB1F1078F46AC4291512A33DFA18AEBA77F6FD84007F189F619639192
J=-$136E8F1371ACDF259BCB10DB43390258BB99B77445193050B8597A404FA4E6CF3F096E5B1D87794C4210224DFEE4D078EB06196768A80C72EBCEC640C8A0F1F0CBB47CE79DFEC4E657E3CEC0CE3CC7D62A4FFD61FB59B3FBDB6F7CFC427D1E9C21F7BA0426683EFD
T=$1

[47]
S=$214D1E9F
W=-$BEEB54CC052DBA21055C6ACAA4F89C466B7B70E4DAD12F8C4C0154FD03B1C2FDB98D670C774C7B5D52659A47185662D95D791
A=-$7328
B=$1DBA42
T=0

[48]
S=$91121AC18
W=$1B2C61B381CF6BEA52709D69BA59827B0A5563CD93BC4C412879FDA1961CAD344216E5447CA53E0C0E6E39771D816AB266
J=-$3A9E5883A621C5A231D36CD071A4BE75F4F526DEB1054685D190C785081F1712B5D0C00F492BDEA23B65A1E2ECEF67C0C2D2E7AA3C5317A73A4494AF3893D9C777F4C52C7CCFD8F18CB99F20F4C869E8EE93A00E6F94A3ACC42C0B6FA17F778E18
T=0

[49]
S=$773DC0
W=-$BE94F0D40DB78B4CD4AA549CFE9B610941ACDBEFF0C7C9E0AED3BBFE780404FEF7389B259AD4FFF99172E45FE7BDE
A=-$84B750
B=$24C7B73A2
T=$1

[50]
S=$2203496C
W=-$F5021138AE4240E3992D5975C216D5F9EA8FDCD9B7ADD8D8CD16DC8D991CB9747CAC71D71D7393D7911DF3B3FA
J=-$33D41BC33495C82EDBFFD94234222D446B4B2E50F0A33486D6F3788BCC08425BB42D01EE4D048185D3F292DA907613BA931E847185A812D883ED538DF8928ED6A6C2C9FE89380E0481073B0ED34D4E0B08D924B74FB849B85E63
T=$3

[51]
S=$3DF5F6A07B0
W=-$17338469827B9D2EBA45BBDB6FE74915F1716F04AD171ED2240A6C24B408993957E7D4440524A5B4FA1BF5E
J=-$2564BB69D9FA3580D84CB5FDC21A703984F688C7F0D8A13FB57868AA9226A0D3C1E98573AEDE94C153EFB42DECC3E6D93BA31E7DFA74109DAA0759FFEE0BBBADC9422A106B2D208AE88E60039C016EB491E40E235FF2
T=0

[52]
S=$661250
W=$1F4BB497CF27BFC1E5CFEFB0EF4B4F73857A9FA8007E801ED54D9095FA6224ABEC5FA8F02A738394A
A=$1
B=0
T=$2

[53]
S=$3847A2
W=$2F0310F9F0B0C3C491046D176667090B646E403553E55656C208EC51BB9E4B0DE4FDDACDF6B66A0
J=-$FA1BAA52CE869316FFBDEFA340BBB76684C2244DA326DA210D9191740916106EB436CB3F83B9DC011957FE6B4E6158C839A333D5428CD608CEE9BA6FE08DB1F88EEFF924C95271B2E9351B2D18A0
T=0

[54]
S=$1524447427
W=$4CDD1E87D27467325C49572A3E4E79F9A183B8A9592ACEB5DC2FB908B2A47F22316E356D87E1
J=-$65A420DBFC4DD29E1CA927EACB3CD1422E8B0004C58E464529D7DDDCF1F12290A1045616F2E50538FB18FC46A7136EFD0E823FCAF2896BABB373107EA38A3B2F83D5911BA7F8466DFC26D21
T=0

[55]
S=$AE2
Q=$B

[56]
S=$24CB8DC
W=-$79E4F0CB85D387D1CC0E8A17BE5E5C5CBED6894657610D099C563D3C358CA3A9C2F9C6
J=$6A3AFC6E8BD6FC494C964220433C748DC38976A040B03C5FB5F86F3E1ACEABFF8588C48B280051E863166545E83DA3C22CF4510A8FDB2FDD0744CFA65566C3629B8E7987B3A
T=0

[57]
S=$2049B3F4
W=$3CCA414B8229A20E4F84BCA3BC30AB917B976A804CDEB1A9C3AE689EE78C3FC6696
J=$2B20D6BB81E4BD48668850AA02E66CC3E3007B49383864C562CCC430F16D22DA8C2B5B16E40755589764CB486634EE1ACBAFA4CC8FED68CA10FFF00283916B28FE8D1
T=$5

[58]
S=$38620B3C
W=-$CEE07D5F6491DBD5B26CF2BF2810F11209D08E35941C7E115DBE64A5F9C2BC2
A=-$108
B=$69E
T=0

[59]
S=$DE401AE7F
W=-$18428FE9CAEE9B1B8D4C8FE686CE0E146B24A0D5177AC8293C48D09183D3
J=-$2FB0BC227C8A411C7ABFA34752FFD936EE1C549E8DDDEFB2F980653BCAB815176D3ADC94548D7232BEDF65FBB3BFF35995C5E4D49BAE2D1EDDC046
T=$5

[60]
S=$3D266376A
W=$5727AC9F1C8C64DA4E3DFE65BEC554E1DD3FAE43E7C222CE780038C
A=-$86E9AB2410826350DBDB8F08C5580BBB4E659F5CF77658EA31B86ED649433AA4B7ADCE21DF5849C49B985AD6C26E10166310F99439246
B=0
T=$1

[61]
S=$450179F
W=-$A74AC8A5764BD8006E8946284D5DB72D137072C40315A42A3F
A=-$108
B=$69E
T=0

[62]
S=$BAE0C
W=$14212CCA9C61C3ACCCA4AF0B4FA49CEB248C9CCBF86FB670
J=$60AD505564477DE29E1904BC7935E3E03EDBF9F70429399FB9A6E30BC3511126FD41943502BC7F99F7CACC448DAFCE
T=$2

[63]
S=$158A
B=$2

[64]
S=$1A43A
W=$A832C709E7CA4A46515F172DEF4F04210573EEE117A
J=-$54C6B90819655EC33106CC3A6A8B87909D5DD8A469C02B369A1B3A8AB8BC2B56CEBD32D08419912C05784
T=$2

[65]
S=$8350C
W=-$CF38B046D0111CFEB056EDA1E9E9E5F614F034A8C
J=-$3E3EEBF4F0E599D85363E45E2AE404D70332448D259022784CBEDC954606114F6907B9E941E8F9C440
T=$3

[66]
S=$11D8135C4
W=-$34BA579D96EE9D42AB9AE551EFB8C2638213D44
J=-$413038F5FB02EB4E49502693DA0DAD25A0F7F944ED63035C375E4CB10C499BF0B82102562A85A
T=$2

[67]
S=$3AD6B1764
W=$1B5DAC9246B9B6380F1F2CD324695E84CB2
A=0
B=$7
T=$2

[68]
S=$158B35
W=-$1E6E78B91082F59972696BB25F3740D
A=0
B=$10
T=$2

[69]
S=$1931942FBF8
W=$DA5D7169F6A2F3456410ABA9F86E
J=$135A91E71262BD23045AEC155BEEDC578758C8006FCC884849ACA6A3
T=$1

[70]
S=$193D829
W=-$8E8F072D67A122DC44362F3
A=-$108
B=$69E
T=$2

[71]
S=$105B10
W=-$77224267D8EF11DE87EE
A=-$108
B=$69E
T=$1

[72]
S=$253A2214
W=$25E98D4EF9AA6BC994
J=-$192041E34548F171F53D80DFA8BD64A918
T=$2

[73]
S=$30E584
B=$2

[74]
S=$39D3FECB7C
B=$2

[Signature]
1=$639200BF386839F76A1CFB39B3AA6B1F78F1113F5172BEDB
2=$155F6297465724E2AFD152BDECD4094549870BA4E3862EAA

